<?xml version="1.0" encoding="UTF-8"?>
<!-- Generated by org.testng.reporters.JUnitXMLReporter -->
<testsuite hostname="Rajitha" ignored="0" name="Test" tests="40" failures="0" timestamp="09 Apr 2018 18:38:29 GMT" time="13591.641" errors="0">
  <testcase name="CRe4_1221" time="217.392" classname="com.create4.execution.Withexp_prjctstatus4_msdcsn_TS_51"/>
  <testcase name="CRe4_1226" time="218.448" classname="com.create4.execution.Withexp_prjctstatus4_msdcsn_TS_51"/>
  <testcase name="CRe4_1231" time="224.129" classname="com.create4.execution.Withexp_prjctstatus4_msdcsn_TS_51"/>
  <testcase name="CRe4_1236" time="223.857" classname="com.create4.execution.Withexp_prjctstatus4_msdcsn_TS_51"/>
  <testcase name="CRe4_1241" time="215.622" classname="com.create4.execution.Withexp_prjctstatus4_msdcsn_TS_51"/>
  <testcase name="CRe4_1246" time="217.343" classname="com.create4.execution.Withexp_prjctstatus4_msdcsn_TS_51"/>
  <testcase name="CRe4_1251" time="217.75" classname="com.create4.execution.Withexp_prjctstatus4_msdcsn_TS_51"/>
  <testcase name="CRe4_1310" time="369.485" classname="com.create4.execution.Amndexp_prjctstatus4_msdcsn_TS_52"/>
  <testcase name="CRe4_1315" time="361.892" classname="com.create4.execution.Amndexp_prjctstatus4_msdcsn_TS_52"/>
  <testcase name="CRe4_1320" time="354.647" classname="com.create4.execution.Amndexp_prjctstatus4_msdcsn_TS_52"/>
  <testcase name="CRe4_1325" time="361.536" classname="com.create4.execution.Amndexp_prjctstatus4_msdcsn_TS_52"/>
  <testcase name="CRe4_1330" time="360.692" classname="com.create4.execution.Amndexp_prjctstatus4_msdcsn_TS_52"/>
  <testcase name="CRe4_1389" time="359.219" classname="com.create4.execution.Devexp_prjctstatus4_msdcsn_TS_53"/>
  <testcase name="CRe4_1394" time="350.698" classname="com.create4.execution.Devexp_prjctstatus4_msdcsn_TS_53"/>
  <testcase name="CRe4_1399" time="361.116" classname="com.create4.execution.Devexp_prjctstatus4_msdcsn_TS_53"/>
  <testcase name="CRe4_1404" time="350.777" classname="com.create4.execution.Devexp_prjctstatus4_msdcsn_TS_53"/>
  <testcase name="CRe4_1409" time="347.861" classname="com.create4.execution.Devexp_prjctstatus4_msdcsn_TS_53"/>
  <testcase name="CRe4_1443" time="351.411" classname="com.create4.execution.Conexp_prjctstatus4_msdcsn_TS_54"/>
  <testcase name="CRe4_1448" time="356.119" classname="com.create4.execution.Conexp_prjctstatus4_msdcsn_TS_54"/>
  <testcase name="CRe4_1453" time="363.903" classname="com.create4.execution.Conexp_prjctstatus4_msdcsn_TS_54"/>
  <testcase name="CRe4_1458" time="366.637" classname="com.create4.execution.Conexp_prjctstatus4_msdcsn_TS_54"/>
  <testcase name="CRe4_1522" time="351.997" classname="com.create4.execution.Compexp_prjctstatus4_msdcsn_TS_55"/>
  <testcase name="CRe4_1527" time="348.195" classname="com.create4.execution.Compexp_prjctstatus4_msdcsn_TS_55"/>
  <testcase name="CRe4_1532" time="366.32" classname="com.create4.execution.Compexp_prjctstatus4_msdcsn_TS_55"/>
  <testcase name="CRe4_1537" time="354.886" classname="com.create4.execution.Compexp_prjctstatus4_msdcsn_TS_55"/>
  <testcase name="CRe4_1601" time="361.644" classname="com.create4.execution.Termexp_prjctstatus4_msdcsn_TS_56"/>
  <testcase name="CRe4_1606" time="356.971" classname="com.create4.execution.Termexp_prjctstatus4_msdcsn_TS_56"/>
  <testcase name="CRe4_1611" time="366.805" classname="com.create4.execution.Termexp_prjctstatus4_msdcsn_TS_56"/>
  <testcase name="CRe4_1616" time="349.131" classname="com.create4.execution.Termexp_prjctstatus4_msdcsn_TS_56"/>
  <testcase name="CRe4_1680" time="359.666" classname="com.create4.execution.SaeInt_prjctstatus4_msdcsn_TS_57"/>
  <testcase name="CRe4_1733" time="363.131" classname="com.create4.execution.SaeInt_prjctstatus4_msdcsn_TS_57"/>
  <testcase name="CRe4_1749" time="389.151" classname="com.create4.execution.Saefllwexp_prjctstatus4_msdcsn_TS_58"/>
  <testcase name="CRe4_1754" time="386.508" classname="com.create4.execution.Saefllwexp_prjctstatus4_msdcsn_TS_58"/>
  <testcase name="CRe4_1807" time="415.796" classname="com.create4.execution.Saefllwexp_prjctstatus4_msdcsn_TS_58"/>
  <testcase name="CRe4_1812" time="390.821" classname="com.create4.execution.Saefllwexp_prjctstatus4_msdcsn_TS_58"/>
  <testcase name="CRe4_1828" time="363.097" classname="com.create4.execution.Saeothrexp_prjctstatus4_msdcsn_TS_59"/>
  <testcase name="CRe4_1833" time="365.807" classname="com.create4.execution.Saeothrexp_prjctstatus4_msdcsn_TS_59"/>
  <testcase name="CRe4_1883" time="363.128" classname="com.create4.execution.Saeothrexp_prjctstatus4_msdcsn_TS_59"/>
  <testcase name="CRe4_1899" time="210.9" classname="com.create4.execution.Withdraw_prjctstatus4_msdcsn_TS_60"/>
  <testcase name="CRe4_1904" time="213.468" classname="com.create4.execution.Withdraw_prjctstatus4_msdcsn_TS_60"/>
</testsuite> <!-- Test -->
